<?xml version="1.0" encoding="UTF-8"?>
<!-- Generated by org.testng.reporters.JUnitXMLReporter -->
<testsuite hostname="BLR-SOFT--68" name="Default test" tests="6" failures="0" timestamp="5 Nov 2018 11:39:36 GMT" time="80.126" errors="0">
  <testcase name="testSearchBarRedirection" time="0.096" classname="com.jdTouch.testcases.SearchPageTest"/>
  <testcase name="testSearchPage" time="2.062" classname="com.jdTouch.testcases.SearchPageTest"/>
  <testcase name="testSearchCategoryAutosuggest" time="20.505" classname="com.jdTouch.testcases.SearchPageTest"/>
  <testcase name="testSearchCompanyAutosuggest" time="18.58" classname="com.jdTouch.testcases.SearchPageTest"/>
  <testcase name="testSearchGroupAutosuggest" time="11.685" classname="com.jdTouch.testcases.SearchPageTest"/>
  <testcase name="testSearchProductAutosuggest" time="16.781" classname="com.jdTouch.testcases.SearchPageTest"/>
</testsuite> <!-- Default test -->
