<?xml version="1.0" encoding="UTF-8"?>
<!-- Generated by org.testng.reporters.JUnitXMLReporter -->
<testsuite hostname="BLR-SOFT--68" name="Default test" tests="4" failures="0" timestamp="28 Oct 2018 10:44:46 GMT" time="84.422" errors="0">
  <testcase name="testSearchBar" time="0.097" classname="com.jdTouch.testcases.HomePageTest"/>
  <testcase name="testLocationfield" time="0.058" classname="com.jdTouch.testcases.HomePageTest"/>
  <testcase name="testsocialFeedsCount" time="23.834" classname="com.jdTouch.testcases.HomePageTest"/>
  <testcase name="testHotkeysRedirections" time="29.993" classname="com.jdTouch.testcases.HomePageTest"/>
</testsuite> <!-- Default test -->
