<?xml version="1.0" encoding="UTF-8"?>
<testng-results skipped="0" failed="0" total="4" passed="4">
  <reporter-output>
  </reporter-output>
  <suite name="Default suite" duration-ms="90032" started-at="2018-10-24T06:02:31Z" finished-at="2018-10-24T06:04:02Z">
    <groups>
    </groups>
    <test name="Default test" duration-ms="90032" started-at="2018-10-24T06:02:31Z" finished-at="2018-10-24T06:04:02Z">
      <class name="com.jdTouch.testcases.HomePageTest">
        <test-method status="PASS" signature="setup()[pri:0, instance:com.jdTouch.testcases.HomePageTest@39aeed2f]" name="setup" is-config="true" duration-ms="7555" started-at="2018-10-24T11:32:31Z" finished-at="2018-10-24T11:32:39Z">
          <reporter-output>
          </reporter-output>
        </test-method> <!-- setup -->
        <test-method status="PASS" signature="testSearchBar()[pri:0, instance:com.jdTouch.testcases.HomePageTest@39aeed2f]" name="testSearchBar" duration-ms="45" started-at="2018-10-24T11:32:39Z" finished-at="2018-10-24T11:32:39Z">
          <reporter-output>
          </reporter-output>
        </test-method> <!-- testSearchBar -->
        <test-method status="PASS" signature="closebrowsers()[pri:0, instance:com.jdTouch.testcases.HomePageTest@39aeed2f]" name="closebrowsers" is-config="true" duration-ms="694" started-at="2018-10-24T11:32:39Z" finished-at="2018-10-24T11:32:40Z">
          <reporter-output>
          </reporter-output>
        </test-method> <!-- closebrowsers -->
        <test-method status="PASS" signature="setup()[pri:0, instance:com.jdTouch.testcases.HomePageTest@39aeed2f]" name="setup" is-config="true" duration-ms="7531" started-at="2018-10-24T11:32:40Z" finished-at="2018-10-24T11:32:47Z">
          <reporter-output>
          </reporter-output>
        </test-method> <!-- setup -->
        <test-method status="PASS" signature="testLocationfield()[pri:0, instance:com.jdTouch.testcases.HomePageTest@39aeed2f]" name="testLocationfield" duration-ms="42" started-at="2018-10-24T11:32:47Z" finished-at="2018-10-24T11:32:47Z">
          <reporter-output>
          </reporter-output>
        </test-method> <!-- testLocationfield -->
        <test-method status="PASS" signature="closebrowsers()[pri:0, instance:com.jdTouch.testcases.HomePageTest@39aeed2f]" name="closebrowsers" is-config="true" duration-ms="729" started-at="2018-10-24T11:32:47Z" finished-at="2018-10-24T11:32:48Z">
          <reporter-output>
          </reporter-output>
        </test-method> <!-- closebrowsers -->
        <test-method status="PASS" signature="setup()[pri:0, instance:com.jdTouch.testcases.HomePageTest@39aeed2f]" name="setup" is-config="true" duration-ms="6659" started-at="2018-10-24T11:32:48Z" finished-at="2018-10-24T11:32:55Z">
          <reporter-output>
          </reporter-output>
        </test-method> <!-- setup -->
        <test-method status="PASS" signature="testsocialFeedsCount()[pri:0, instance:com.jdTouch.testcases.HomePageTest@39aeed2f]" name="testsocialFeedsCount" duration-ms="25389" started-at="2018-10-24T11:32:55Z" finished-at="2018-10-24T11:33:20Z">
          <reporter-output>
          </reporter-output>
        </test-method> <!-- testsocialFeedsCount -->
        <test-method status="PASS" signature="closebrowsers()[pri:0, instance:com.jdTouch.testcases.HomePageTest@39aeed2f]" name="closebrowsers" is-config="true" duration-ms="1110" started-at="2018-10-24T11:33:20Z" finished-at="2018-10-24T11:33:21Z">
          <reporter-output>
          </reporter-output>
        </test-method> <!-- closebrowsers -->
        <test-method status="PASS" signature="setup()[pri:0, instance:com.jdTouch.testcases.HomePageTest@39aeed2f]" name="setup" is-config="true" duration-ms="7569" started-at="2018-10-24T11:33:21Z" finished-at="2018-10-24T11:33:29Z">
          <reporter-output>
          </reporter-output>
        </test-method> <!-- setup -->
        <test-method status="PASS" signature="testHotkeysRedirections()[pri:0, instance:com.jdTouch.testcases.HomePageTest@39aeed2f]" name="testHotkeysRedirections" duration-ms="32009" started-at="2018-10-24T11:33:29Z" finished-at="2018-10-24T11:34:01Z">
          <reporter-output>
          </reporter-output>
        </test-method> <!-- testHotkeysRedirections -->
        <test-method status="PASS" signature="closebrowsers()[pri:0, instance:com.jdTouch.testcases.HomePageTest@39aeed2f]" name="closebrowsers" is-config="true" duration-ms="681" started-at="2018-10-24T11:34:01Z" finished-at="2018-10-24T11:34:02Z">
          <reporter-output>
          </reporter-output>
        </test-method> <!-- closebrowsers -->
      </class> <!-- com.jdTouch.testcases.HomePageTest -->
    </test> <!-- Default test -->
  </suite> <!-- Default suite -->
</testng-results>
