<?xml version="1.0" encoding="UTF-8"?>
<!-- Generated by org.testng.reporters.JUnitXMLReporter -->
<testsuite hostname="BLR-SOFT--68" name="testngTest" tests="11" failures="0" timestamp="8 Oct 2018 05:53:45 GMT" time="142.002" errors="0">
  <testcase name="testSearchBar" time="0.041" classname="com.jdTouch.testcases.HomePageTest"/>
  <testcase name="testLocationfield" time="0.031" classname="com.jdTouch.testcases.HomePageTest"/>
  <testcase name="testsocialFeedsCount" time="31.332" classname="com.jdTouch.testcases.HomePageTest"/>
  <testcase name="testSearchBar" time="0.047" classname="com.jdTouch.testcases.SearchPageTest"/>
  <testcase name="testSearchBarRedirection" time="0.088" classname="com.jdTouch.testcases.SearchPageTest"/>
  <testcase name="testSearchPage" time="2.031" classname="com.jdTouch.testcases.SearchPageTest"/>
  <testcase name="testSearchCategoryAutosuggest" time="20.039" classname="com.jdTouch.testcases.SearchPageTest"/>
  <testcase name="testSearchCompanyAutosuggest" time="18.243" classname="com.jdTouch.testcases.SearchPageTest"/>
  <testcase name="testSearchGroupAutosuggest" time="11.652" classname="com.jdTouch.testcases.SearchPageTest"/>
  <testcase name="testSearchProductAutosuggest" time="16.582" classname="com.jdTouch.testcases.SearchPageTest"/>
  <testcase name="runTest" time="23.583" classname="com.jdTouch.testcases.TestingClassTest"/>
</testsuite> <!-- testngTest -->
