<?xml version="1.0" encoding="UTF-8"?>
<!-- Generated by org.testng.reporters.JUnitXMLReporter -->
<testsuite hostname="BLR-SOFT--68" name="wapTouchTest" tests="43" failures="2" timestamp="6 Nov 2018 07:55:45 GMT" time="592.514" errors="0">
  <testcase name="testSearchBar" time="0.261" classname="com.jdTouch.testcases.HomePageTest"/>
  <testcase name="testLocationfield" time="0.043" classname="com.jdTouch.testcases.HomePageTest"/>
  <testcase name="testsocialFeedsCount" time="25.8" classname="com.jdTouch.testcases.HomePageTest"/>
  <testcase name="testHotkeysRedirections" time="30.441" classname="com.jdTouch.testcases.HomePageTest"/>
  <testcase name="testWhatField" time="0.031" classname="com.jdTouch.testcases.SearchPageTest"/>
  <testcase name="testWherefield" time="0.04" classname="com.jdTouch.testcases.SearchPageTest"/>
  <testcase name="testSearchCategoryAutosuggest" time="20.345" classname="com.jdTouch.testcases.SearchPageTest"/>
  <testcase name="testSearchCompanyAutosuggest" time="18.517" classname="com.jdTouch.testcases.SearchPageTest"/>
  <testcase name="testSearchGroupAutosuggest" time="11.698" classname="com.jdTouch.testcases.SearchPageTest"/>
  <testcase name="testSearchProductAutosuggest" time="16.816" classname="com.jdTouch.testcases.SearchPageTest"/>
  <testcase name="TestContextualMenuPage" time="0.031" classname="com.jdTouch.testcases.ContextualMenuTest"/>
  <testcase name="testContextualmenuBack" time="0.414" classname="com.jdTouch.testcases.ContextualMenuTest"/>
  <testcase name="TestUsernameNonloggedin" time="0.226" classname="com.jdTouch.testcases.ContextualMenuTest"/>
  <testcase name="TestFavoriesNonloggedin" time="0.231" classname="com.jdTouch.testcases.ContextualMenuTest"/>
  <testcase name="TestMyInterestNonloggedin" time="0.391" classname="com.jdTouch.testcases.ContextualMenuTest"/>
  <testcase name="TestMyTransactionNonloggedin" time="0.405" classname="com.jdTouch.testcases.ContextualMenuTest"/>
  <testcase name="TestFeedbackNonloggedin" time="0.415" classname="com.jdTouch.testcases.ContextualMenuTest"/>
  <testcase name="Testloginlink" time="2.425" classname="com.jdTouch.testcases.ContextualMenuTest"/>
  <testcase name="TestHelpnSupport" time="2.355" classname="com.jdTouch.testcases.ContextualMenuTest"/>
  <testcase name="TestOthersPage" time="1.385" classname="com.jdTouch.testcases.ContextualMenuTest"/>
  <testcase name="TestOthersBack" time="1.492" classname="com.jdTouch.testcases.ContextualMenuTest"/>
  <testcase name="TestOthersNotification" time="1.574" classname="com.jdTouch.testcases.ContextualMenuTest"/>
  <testcase name="TestOthersFreelisting" time="2.461" classname="com.jdTouch.testcases.ContextualMenuTest"/>
  <testcase name="TestOthersFeedback" time="2.868" classname="com.jdTouch.testcases.ContextualMenuTest"/>
  <testcase name="TestTestimonials" time="2.314" classname="com.jdTouch.testcases.ContextualMenuTest"/>
  <testcase name="TestDownloadJdapp" time="1.455" classname="com.jdTouch.testcases.ContextualMenuTest"/>
  <testcase name="TestOthersWhoareWe" time="3.533" classname="com.jdTouch.testcases.ContextualMenuTest"/>
  <testcase name="TestPolicies" time="2.081" classname="com.jdTouch.testcases.ContextualMenuTest"/>
  <testcase name="TestOtherTermsOfUse" time="2.105" classname="com.jdTouch.testcases.ContextualMenuTest"/>
  <testcase name="TestOtherInfringementPolicy" time="2.847" classname="com.jdTouch.testcases.ContextualMenuTest"/>
  <testcase name="TestOtherContactUs" time="2.781" classname="com.jdTouch.testcases.ContextualMenuTest"/>
  <testcase name="TestLoginPageSubmitButton" time="1.407" classname="com.jdTouch.testcases.ContextualMenuTest"/>
  <testcase name="TestLoginFunctionality" time="4.021" classname="com.jdTouch.testcases.ContextualMenuTest"/>
  <testcase name="TestFavoritesPageLoggedinflow" time="3.106" classname="com.jdTouch.testcases.ContextualMenuTest"/>
  <testcase name="TestMyInterestPageLoggedinflow" time="13.186" classname="com.jdTouch.testcases.ContextualMenuTest">
    <failure type="org.openqa.selenium.NoSuchElementException" message="no such element: Unable to locate element: {&amp;quot;method&amp;quot;:&amp;quot;xpath&amp;quot;,&amp;quot;selector&amp;quot;:&amp;quot;//span[contains(@class,&amp;apos;list-title&amp;apos;) and contains(text(),&amp;apos;Movies&amp;apos;)]&amp;quot;}
  (Session info: chrome=70.0.3538.77)
  (Driver info: chromedriver=2.38.552522 (437e6fbedfa8762dec75e2c5b3ddb86763dc9dcb),platform=Windows NT 6.1.7601 SP1 x86_64) (WARNING: The server did not provide any stacktrace information)
Command duration or timeout: 0 milliseconds
For documentation on this error, please visit: http://seleniumhq.org/exceptions/no_such_element.html
Build info: version: &amp;apos;3.14.0&amp;apos;, revision: &amp;apos;aacccce0&amp;apos;, time: &amp;apos;2018-08-02T20:19:58.91Z&amp;apos;
System info: host: &amp;apos;BLR-SOFT--68&amp;apos;, ip: &amp;apos;172.29.87.68&amp;apos;, os.name: &amp;apos;Windows 7&amp;apos;, os.arch: &amp;apos;amd64&amp;apos;, os.version: &amp;apos;6.1&amp;apos;, java.version: &amp;apos;1.8.0_152&amp;apos;
Driver info: org.openqa.selenium.chrome.ChromeDriver
Capabilities {acceptInsecureCerts: false, acceptSslCerts: false, applicationCacheEnabled: false, browserConnectionEnabled: false, browserName: chrome, chrome: {chromedriverVersion: 2.38.552522 (437e6fbedfa876..., userDataDir: C:\Users\AMITKU~1\AppData\L...}, cssSelectorsEnabled: true, databaseEnabled: false, handlesAlerts: true, hasTouchScreen: false, javascriptEnabled: true, locationContextEnabled: true, mobileEmulationEnabled: false, nativeEvents: true, networkConnectionEnabled: false, pageLoadStrategy: normal, platform: XP, platformName: XP, rotatable: false, setWindowRect: true, takesHeapSnapshot: true, takesScreenshot: true, unexpectedAlertBehaviour: , unhandledPromptBehavior: , version: 70.0.3538.77, webStorageEnabled: true}
Session ID: 6a7fc5c500a932513ef177f0b50466d9
*** Element info: {Using=xpath, value=//span[contains(@class,&amp;apos;list-title&amp;apos;) and contains(text(),&amp;apos;Movies&amp;apos;)]}">
      <![CDATA[org.openqa.selenium.NoSuchElementException: no such element: Unable to locate element: {"method":"xpath","selector":"//span[contains(@class,'list-title') and contains(text(),'Movies')]"}
  (Session info: chrome=70.0.3538.77)
  (Driver info: chromedriver=2.38.552522 (437e6fbedfa8762dec75e2c5b3ddb86763dc9dcb),platform=Windows NT 6.1.7601 SP1 x86_64) (WARNING: The server did not provide any stacktrace information)
Command duration or timeout: 0 milliseconds
For documentation on this error, please visit: http://seleniumhq.org/exceptions/no_such_element.html
Build info: version: '3.14.0', revision: 'aacccce0', time: '2018-08-02T20:19:58.91Z'
System info: host: 'BLR-SOFT--68', ip: '172.29.87.68', os.name: 'Windows 7', os.arch: 'amd64', os.version: '6.1', java.version: '1.8.0_152'
Driver info: org.openqa.selenium.chrome.ChromeDriver
Capabilities {acceptInsecureCerts: false, acceptSslCerts: false, applicationCacheEnabled: false, browserConnectionEnabled: false, browserName: chrome, chrome: {chromedriverVersion: 2.38.552522 (437e6fbedfa876..., userDataDir: C:\Users\AMITKU~1\AppData\L...}, cssSelectorsEnabled: true, databaseEnabled: false, handlesAlerts: true, hasTouchScreen: false, javascriptEnabled: true, locationContextEnabled: true, mobileEmulationEnabled: false, nativeEvents: true, networkConnectionEnabled: false, pageLoadStrategy: normal, platform: XP, platformName: XP, rotatable: false, setWindowRect: true, takesHeapSnapshot: true, takesScreenshot: true, unexpectedAlertBehaviour: , unhandledPromptBehavior: , version: 70.0.3538.77, webStorageEnabled: true}
Session ID: 6a7fc5c500a932513ef177f0b50466d9
*** Element info: {Using=xpath, value=//span[contains(@class,'list-title') and contains(text(),'Movies')]}
	at org.openqa.selenium.remote.ErrorHandler.createThrowable(ErrorHandler.java:214)
	at org.openqa.selenium.remote.ErrorHandler.throwIfResponseFailed(ErrorHandler.java:166)
	at org.openqa.selenium.remote.http.JsonHttpResponseCodec.reconstructValue(JsonHttpResponseCodec.java:40)
	at org.openqa.selenium.remote.http.AbstractHttpResponseCodec.decode(AbstractHttpResponseCodec.java:80)
	at org.openqa.selenium.remote.http.AbstractHttpResponseCodec.decode(AbstractHttpResponseCodec.java:44)
	at org.openqa.selenium.remote.HttpCommandExecutor.execute(HttpCommandExecutor.java:158)
	at org.openqa.selenium.remote.service.DriverCommandExecutor.execute(DriverCommandExecutor.java:83)
	at org.openqa.selenium.remote.RemoteWebDriver.execute(RemoteWebDriver.java:548)
	at org.openqa.selenium.remote.RemoteWebDriver.findElement(RemoteWebDriver.java:322)
	at org.openqa.selenium.remote.RemoteWebDriver.findElementByXPath(RemoteWebDriver.java:424)
	at org.openqa.selenium.By$ByXPath.findElement(By.java:353)
	at org.openqa.selenium.remote.RemoteWebDriver.findElement(RemoteWebDriver.java:314)
	at org.openqa.selenium.support.pagefactory.DefaultElementLocator.findElement(DefaultElementLocator.java:69)
	at org.openqa.selenium.support.pagefactory.internal.LocatingElementHandler.invoke(LocatingElementHandler.java:38)
	at com.sun.proxy.$Proxy12.isDisplayed(Unknown Source)
	at com.jdTouch.pages.ContextualMenu.checkMyInterestLoggedin(ContextualMenu.java:479)
	at com.jdTouch.testcases.ContextualMenuTest.TestMyInterestPageLoggedinflow(ContextualMenuTest.java:177)
... Removed 28 stack frames]]>
    </failure>
  </testcase> <!-- TestMyInterestPageLoggedinflow -->
  <testcase name="TestMyTransactionPageLoggedinflow" time="4.073" classname="com.jdTouch.testcases.ContextualMenuTest"/>
  <testcase name="TestFeedbackPageLoggedinflow" time="14.424" classname="com.jdTouch.testcases.ContextualMenuTest">
    <failure type="org.openqa.selenium.NoSuchElementException" message="no such element: Unable to locate element: {&amp;quot;method&amp;quot;:&amp;quot;xpath&amp;quot;,&amp;quot;selector&amp;quot;:&amp;quot;//a[@class=&amp;apos;tbhdr act&amp;apos; and @id=&amp;apos;ratings&amp;apos;]&amp;quot;}
  (Session info: chrome=70.0.3538.77)
  (Driver info: chromedriver=2.38.552522 (437e6fbedfa8762dec75e2c5b3ddb86763dc9dcb),platform=Windows NT 6.1.7601 SP1 x86_64) (WARNING: The server did not provide any stacktrace information)
Command duration or timeout: 0 milliseconds
For documentation on this error, please visit: http://seleniumhq.org/exceptions/no_such_element.html
Build info: version: &amp;apos;3.14.0&amp;apos;, revision: &amp;apos;aacccce0&amp;apos;, time: &amp;apos;2018-08-02T20:19:58.91Z&amp;apos;
System info: host: &amp;apos;BLR-SOFT--68&amp;apos;, ip: &amp;apos;172.29.87.68&amp;apos;, os.name: &amp;apos;Windows 7&amp;apos;, os.arch: &amp;apos;amd64&amp;apos;, os.version: &amp;apos;6.1&amp;apos;, java.version: &amp;apos;1.8.0_152&amp;apos;
Driver info: org.openqa.selenium.chrome.ChromeDriver
Capabilities {acceptInsecureCerts: false, acceptSslCerts: false, applicationCacheEnabled: false, browserConnectionEnabled: false, browserName: chrome, chrome: {chromedriverVersion: 2.38.552522 (437e6fbedfa876..., userDataDir: C:\Users\AMITKU~1\AppData\L...}, cssSelectorsEnabled: true, databaseEnabled: false, handlesAlerts: true, hasTouchScreen: false, javascriptEnabled: true, locationContextEnabled: true, mobileEmulationEnabled: false, nativeEvents: true, networkConnectionEnabled: false, pageLoadStrategy: normal, platform: XP, platformName: XP, rotatable: false, setWindowRect: true, takesHeapSnapshot: true, takesScreenshot: true, unexpectedAlertBehaviour: , unhandledPromptBehavior: , version: 70.0.3538.77, webStorageEnabled: true}
Session ID: f9240417bf3c0e165c29ec19db9c40c3
*** Element info: {Using=xpath, value=//a[@class=&amp;apos;tbhdr act&amp;apos; and @id=&amp;apos;ratings&amp;apos;]}">
      <![CDATA[org.openqa.selenium.NoSuchElementException: no such element: Unable to locate element: {"method":"xpath","selector":"//a[@class='tbhdr act' and @id='ratings']"}
  (Session info: chrome=70.0.3538.77)
  (Driver info: chromedriver=2.38.552522 (437e6fbedfa8762dec75e2c5b3ddb86763dc9dcb),platform=Windows NT 6.1.7601 SP1 x86_64) (WARNING: The server did not provide any stacktrace information)
Command duration or timeout: 0 milliseconds
For documentation on this error, please visit: http://seleniumhq.org/exceptions/no_such_element.html
Build info: version: '3.14.0', revision: 'aacccce0', time: '2018-08-02T20:19:58.91Z'
System info: host: 'BLR-SOFT--68', ip: '172.29.87.68', os.name: 'Windows 7', os.arch: 'amd64', os.version: '6.1', java.version: '1.8.0_152'
Driver info: org.openqa.selenium.chrome.ChromeDriver
Capabilities {acceptInsecureCerts: false, acceptSslCerts: false, applicationCacheEnabled: false, browserConnectionEnabled: false, browserName: chrome, chrome: {chromedriverVersion: 2.38.552522 (437e6fbedfa876..., userDataDir: C:\Users\AMITKU~1\AppData\L...}, cssSelectorsEnabled: true, databaseEnabled: false, handlesAlerts: true, hasTouchScreen: false, javascriptEnabled: true, locationContextEnabled: true, mobileEmulationEnabled: false, nativeEvents: true, networkConnectionEnabled: false, pageLoadStrategy: normal, platform: XP, platformName: XP, rotatable: false, setWindowRect: true, takesHeapSnapshot: true, takesScreenshot: true, unexpectedAlertBehaviour: , unhandledPromptBehavior: , version: 70.0.3538.77, webStorageEnabled: true}
Session ID: f9240417bf3c0e165c29ec19db9c40c3
*** Element info: {Using=xpath, value=//a[@class='tbhdr act' and @id='ratings']}
	at org.openqa.selenium.remote.ErrorHandler.createThrowable(ErrorHandler.java:214)
	at org.openqa.selenium.remote.ErrorHandler.throwIfResponseFailed(ErrorHandler.java:166)
	at org.openqa.selenium.remote.http.JsonHttpResponseCodec.reconstructValue(JsonHttpResponseCodec.java:40)
	at org.openqa.selenium.remote.http.AbstractHttpResponseCodec.decode(AbstractHttpResponseCodec.java:80)
	at org.openqa.selenium.remote.http.AbstractHttpResponseCodec.decode(AbstractHttpResponseCodec.java:44)
	at org.openqa.selenium.remote.HttpCommandExecutor.execute(HttpCommandExecutor.java:158)
	at org.openqa.selenium.remote.service.DriverCommandExecutor.execute(DriverCommandExecutor.java:83)
	at org.openqa.selenium.remote.RemoteWebDriver.execute(RemoteWebDriver.java:548)
	at org.openqa.selenium.remote.RemoteWebDriver.findElement(RemoteWebDriver.java:322)
	at org.openqa.selenium.remote.RemoteWebDriver.findElementByXPath(RemoteWebDriver.java:424)
	at org.openqa.selenium.By$ByXPath.findElement(By.java:353)
	at org.openqa.selenium.remote.RemoteWebDriver.findElement(RemoteWebDriver.java:314)
	at org.openqa.selenium.support.pagefactory.DefaultElementLocator.findElement(DefaultElementLocator.java:69)
	at org.openqa.selenium.support.pagefactory.internal.LocatingElementHandler.invoke(LocatingElementHandler.java:38)
	at com.sun.proxy.$Proxy12.isDisplayed(Unknown Source)
	at com.jdTouch.pages.ContextualMenu.checkFeedbackLoggedin(ContextualMenu.java:512)
	at com.jdTouch.testcases.ContextualMenuTest.TestFeedbackPageLoggedinflow(ContextualMenuTest.java:187)
... Removed 28 stack frames]]>
    </failure>
  </testcase> <!-- TestFeedbackPageLoggedinflow -->
  <testcase name="validateFreelistingPage" time="1.189" classname="com.jdTouch.testcases.FreeListingTest"/>
  <testcase name="testFreelistingBack" time="7.02" classname="com.jdTouch.testcases.FreeListingTest"/>
  <testcase name="testFreelistingCross" time="7.907" classname="com.jdTouch.testcases.FreeListingTest"/>
  <testcase name="testFreeListing" time="9.91" classname="com.jdTouch.testcases.FreeListingTest"/>
  <testcase name="testFreeListing" time="10.768" classname="com.jdTouch.testcases.FreeListingTest"/>
  <testcase name="testFreeListing" time="10.028" classname="com.jdTouch.testcases.FreeListingTest"/>
</testsuite> <!-- wapTouchTest -->
